2021-11-16 20:45:19,047:INFO:Initializing load_model()
2021-11-16 20:45:19,047:INFO:load_model(model_name=./model_files/final_model.pkl, platform=None, authentication=None, verbose=True)
2021-11-16 20:46:04,597:INFO:Initializing load_model()
2021-11-16 20:46:04,597:INFO:load_model(model_name=./model_files/final_model.pkl, platform=None, authentication=None, verbose=True)
2021-11-16 20:46:18,497:INFO:Initializing load_model()
2021-11-16 20:46:18,497:INFO:load_model(model_name=./model_files/final_model, platform=None, authentication=None, verbose=True)
2021-11-16 20:46:28,475:INFO:Initializing load_model()
2021-11-16 20:46:28,475:INFO:load_model(model_name=final_model, platform=None, authentication=None, verbose=True)
2021-11-16 20:46:35,167:INFO:Initializing load_model()
2021-11-16 20:46:35,167:INFO:load_model(model_name=final_model, platform=None, authentication=None, verbose=True)
2021-11-16 20:50:37,450:INFO:Initializing load_model()
2021-11-16 20:50:37,450:INFO:load_model(model_name=final_model, platform=None, authentication=None, verbose=True)
2021-11-16 20:50:49,041:INFO:Initializing predict_model()
2021-11-16 20:50:49,041:INFO:predict_model(estimator=Pipeline(steps=[('dtypes',
                 DataTypes_Auto_infer(display_types=False,
                                      ml_usecase='regression',
                                      target='UNSUPERVISED_DUMMY_TARGET')),
                ('imputer',
                 Simple_Imputer(categorical_strategy='most frequent',
                                fill_value_categorical=None,
                                fill_value_numerical=None,
                                numeric_strategy='mean',
                                target_variable=None)),
                ('new_levels1',
                 New_Catagorical_Levels_in_TestData(replaceme...
                ('binn', 'passthrough'), ('rem_outliers', 'passthrough'),
                ('cluster_all', 'passthrough'),
                ('dummy', Dummify(target='UNSUPERVISED_DUMMY_TARGET')),
                ('fix_perfect', 'passthrough'),
                ('clean_names', Clean_Colum_Names()),
                ('feature_select', 'passthrough'), ('fix_multi', 'passthrough'),
                ('dfs', 'passthrough'), ('pca', 'passthrough'),
                ['trained_model',
                 KMeans(n_clusters=4, n_jobs=-1, random_state=7104)]]), probability_threshold=None, encoded_labels=True, raw_score=False, round=4, verbose=True, ml_usecase=MLUsecase.REGRESSION, display=None)
2021-11-16 20:50:49,046:INFO:Checking exceptions
2021-11-16 20:50:49,046:INFO:Preloading libraries
2021-11-16 20:51:22,191:INFO:Initializing predict_model()
2021-11-16 20:51:22,191:INFO:predict_model(estimator=Pipeline(steps=[('dtypes',
                 DataTypes_Auto_infer(display_types=False,
                                      ml_usecase='regression',
                                      target='UNSUPERVISED_DUMMY_TARGET')),
                ('imputer',
                 Simple_Imputer(categorical_strategy='most frequent',
                                fill_value_categorical=None,
                                fill_value_numerical=None,
                                numeric_strategy='mean',
                                target_variable=None)),
                ('new_levels1',
                 New_Catagorical_Levels_in_TestData(replaceme...
                ('binn', 'passthrough'), ('rem_outliers', 'passthrough'),
                ('cluster_all', 'passthrough'),
                ('dummy', Dummify(target='UNSUPERVISED_DUMMY_TARGET')),
                ('fix_perfect', 'passthrough'),
                ('clean_names', Clean_Colum_Names()),
                ('feature_select', 'passthrough'), ('fix_multi', 'passthrough'),
                ('dfs', 'passthrough'), ('pca', 'passthrough'),
                ['trained_model',
                 KMeans(n_clusters=4, n_jobs=-1, random_state=7104)]]), probability_threshold=None, encoded_labels=True, raw_score=False, round=4, verbose=True, ml_usecase=MLUsecase.REGRESSION, display=None)
2021-11-16 20:51:22,191:INFO:Checking exceptions
2021-11-16 20:51:22,191:INFO:Preloading libraries
2021-11-16 20:51:30,352:INFO:Initializing load_model()
2021-11-16 20:51:30,352:INFO:load_model(model_name=final_model, platform=None, authentication=None, verbose=True)
2021-11-16 20:51:44,333:INFO:Initializing load_model()
2021-11-16 20:51:44,333:INFO:load_model(model_name=final_model, platform=None, authentication=None, verbose=True)
2021-11-16 20:51:47,791:INFO:Initializing predict_model()
2021-11-16 20:51:47,791:INFO:predict_model(estimator=Pipeline(steps=[('dtypes',
                 DataTypes_Auto_infer(display_types=False,
                                      ml_usecase='regression',
                                      target='UNSUPERVISED_DUMMY_TARGET')),
                ('imputer',
                 Simple_Imputer(categorical_strategy='most frequent',
                                fill_value_categorical=None,
                                fill_value_numerical=None,
                                numeric_strategy='mean',
                                target_variable=None)),
                ('new_levels1',
                 New_Catagorical_Levels_in_TestData(replaceme...
                ('binn', 'passthrough'), ('rem_outliers', 'passthrough'),
                ('cluster_all', 'passthrough'),
                ('dummy', Dummify(target='UNSUPERVISED_DUMMY_TARGET')),
                ('fix_perfect', 'passthrough'),
                ('clean_names', Clean_Colum_Names()),
                ('feature_select', 'passthrough'), ('fix_multi', 'passthrough'),
                ('dfs', 'passthrough'), ('pca', 'passthrough'),
                ['trained_model',
                 KMeans(n_clusters=4, n_jobs=-1, random_state=7104)]]), probability_threshold=None, encoded_labels=True, raw_score=False, round=4, verbose=True, ml_usecase=MLUsecase.REGRESSION, display=None)
2021-11-16 20:51:47,791:INFO:Checking exceptions
2021-11-16 20:51:47,791:INFO:Preloading libraries
2021-11-16 20:52:03,146:INFO:Initializing load_model()
2021-11-16 20:52:03,146:INFO:load_model(model_name=final_model, platform=None, authentication=None, verbose=True)
2021-11-16 20:52:17,496:INFO:Initializing predict_model()
2021-11-16 20:52:17,496:INFO:predict_model(estimator=Pipeline(steps=[('dtypes',
                 DataTypes_Auto_infer(display_types=False,
                                      ml_usecase='regression',
                                      target='UNSUPERVISED_DUMMY_TARGET')),
                ('imputer',
                 Simple_Imputer(categorical_strategy='most frequent',
                                fill_value_categorical=None,
                                fill_value_numerical=None,
                                numeric_strategy='mean',
                                target_variable=None)),
                ('new_levels1',
                 New_Catagorical_Levels_in_TestData(replaceme...
                ('binn', 'passthrough'), ('rem_outliers', 'passthrough'),
                ('cluster_all', 'passthrough'),
                ('dummy', Dummify(target='UNSUPERVISED_DUMMY_TARGET')),
                ('fix_perfect', 'passthrough'),
                ('clean_names', Clean_Colum_Names()),
                ('feature_select', 'passthrough'), ('fix_multi', 'passthrough'),
                ('dfs', 'passthrough'), ('pca', 'passthrough'),
                ['trained_model',
                 KMeans(n_clusters=4, n_jobs=-1, random_state=7104)]]), probability_threshold=None, encoded_labels=True, raw_score=False, round=4, verbose=True, ml_usecase=MLUsecase.REGRESSION, display=None)
2021-11-16 20:52:17,496:INFO:Checking exceptions
2021-11-16 20:52:17,496:INFO:Preloading libraries
2021-11-16 20:54:55,045:INFO:Initializing load_model()
2021-11-16 20:54:55,045:INFO:load_model(model_name=final_model, platform=None, authentication=None, verbose=True)
2021-11-16 20:55:00,798:INFO:Initializing predict_model()
2021-11-16 20:55:00,798:INFO:predict_model(estimator=Pipeline(steps=[('dtypes',
                 DataTypes_Auto_infer(display_types=False,
                                      ml_usecase='regression',
                                      target='UNSUPERVISED_DUMMY_TARGET')),
                ('imputer',
                 Simple_Imputer(categorical_strategy='most frequent',
                                fill_value_categorical=None,
                                fill_value_numerical=None,
                                numeric_strategy='mean',
                                target_variable=None)),
                ('new_levels1',
                 New_Catagorical_Levels_in_TestData(replaceme...
                ('binn', 'passthrough'), ('rem_outliers', 'passthrough'),
                ('cluster_all', 'passthrough'),
                ('dummy', Dummify(target='UNSUPERVISED_DUMMY_TARGET')),
                ('fix_perfect', 'passthrough'),
                ('clean_names', Clean_Colum_Names()),
                ('feature_select', 'passthrough'), ('fix_multi', 'passthrough'),
                ('dfs', 'passthrough'), ('pca', 'passthrough'),
                ['trained_model',
                 KMeans(n_clusters=4, n_jobs=-1, random_state=7104)]]), probability_threshold=None, encoded_labels=True, raw_score=False, round=4, verbose=True, ml_usecase=MLUsecase.REGRESSION, display=None)
2021-11-16 20:55:00,798:INFO:Checking exceptions
2021-11-16 20:55:00,798:INFO:Preloading libraries
2021-11-16 20:55:18,955:INFO:Initializing predict_model()
2021-11-16 20:55:18,955:INFO:predict_model(estimator=Pipeline(steps=[('dtypes',
                 DataTypes_Auto_infer(display_types=False,
                                      ml_usecase='regression',
                                      target='UNSUPERVISED_DUMMY_TARGET')),
                ('imputer',
                 Simple_Imputer(categorical_strategy='most frequent',
                                fill_value_categorical=None,
                                fill_value_numerical=None,
                                numeric_strategy='mean',
                                target_variable=None)),
                ('new_levels1',
                 New_Catagorical_Levels_in_TestData(replaceme...
                ('binn', 'passthrough'), ('rem_outliers', 'passthrough'),
                ('cluster_all', 'passthrough'),
                ('dummy', Dummify(target='UNSUPERVISED_DUMMY_TARGET')),
                ('fix_perfect', 'passthrough'),
                ('clean_names', Clean_Colum_Names()),
                ('feature_select', 'passthrough'), ('fix_multi', 'passthrough'),
                ('dfs', 'passthrough'), ('pca', 'passthrough'),
                ['trained_model',
                 KMeans(n_clusters=4, n_jobs=-1, random_state=7104)]]), probability_threshold=None, encoded_labels=True, raw_score=False, round=4, verbose=True, ml_usecase=MLUsecase.REGRESSION, display=None)
2021-11-16 20:55:18,955:INFO:Checking exceptions
2021-11-16 20:55:18,955:INFO:Preloading libraries
2021-11-16 20:55:37,365:INFO:Initializing load_model()
2021-11-16 20:55:37,365:INFO:load_model(model_name=final_model, platform=None, authentication=None, verbose=True)
2021-11-16 20:55:45,638:INFO:Initializing predict_model()
2021-11-16 20:55:45,638:INFO:predict_model(estimator=Pipeline(steps=[('dtypes',
                 DataTypes_Auto_infer(display_types=False,
                                      ml_usecase='regression',
                                      target='UNSUPERVISED_DUMMY_TARGET')),
                ('imputer',
                 Simple_Imputer(categorical_strategy='most frequent',
                                fill_value_categorical=None,
                                fill_value_numerical=None,
                                numeric_strategy='mean',
                                target_variable=None)),
                ('new_levels1',
                 New_Catagorical_Levels_in_TestData(replaceme...
                ('binn', 'passthrough'), ('rem_outliers', 'passthrough'),
                ('cluster_all', 'passthrough'),
                ('dummy', Dummify(target='UNSUPERVISED_DUMMY_TARGET')),
                ('fix_perfect', 'passthrough'),
                ('clean_names', Clean_Colum_Names()),
                ('feature_select', 'passthrough'), ('fix_multi', 'passthrough'),
                ('dfs', 'passthrough'), ('pca', 'passthrough'),
                ['trained_model',
                 KMeans(n_clusters=4, n_jobs=-1, random_state=7104)]]), probability_threshold=None, encoded_labels=True, raw_score=False, round=4, verbose=True, ml_usecase=MLUsecase.REGRESSION, display=None)
2021-11-16 20:55:45,638:INFO:Checking exceptions
2021-11-16 20:55:45,638:INFO:Preloading libraries
2021-11-16 20:56:01,755:INFO:Initializing predict_model()
2021-11-16 20:56:01,755:INFO:predict_model(estimator=Pipeline(steps=[('dtypes',
                 DataTypes_Auto_infer(display_types=False,
                                      ml_usecase='regression',
                                      target='UNSUPERVISED_DUMMY_TARGET')),
                ('imputer',
                 Simple_Imputer(categorical_strategy='most frequent',
                                fill_value_categorical=None,
                                fill_value_numerical=None,
                                numeric_strategy='mean',
                                target_variable=None)),
                ('new_levels1',
                 New_Catagorical_Levels_in_TestData(replaceme...
                ('binn', 'passthrough'), ('rem_outliers', 'passthrough'),
                ('cluster_all', 'passthrough'),
                ('dummy', Dummify(target='UNSUPERVISED_DUMMY_TARGET')),
                ('fix_perfect', 'passthrough'),
                ('clean_names', Clean_Colum_Names()),
                ('feature_select', 'passthrough'), ('fix_multi', 'passthrough'),
                ('dfs', 'passthrough'), ('pca', 'passthrough'),
                ['trained_model',
                 KMeans(n_clusters=4, n_jobs=-1, random_state=7104)]]), probability_threshold=None, encoded_labels=True, raw_score=False, round=4, verbose=True, ml_usecase=MLUsecase.REGRESSION, display=None)
2021-11-16 20:56:01,755:INFO:Checking exceptions
2021-11-16 20:56:01,755:INFO:Preloading libraries
2021-11-16 20:56:28,333:INFO:Initializing load_model()
2021-11-16 20:56:28,333:INFO:load_model(model_name=final_model, platform=None, authentication=None, verbose=True)
2021-11-16 20:56:54,610:INFO:Initializing load_model()
2021-11-16 20:56:54,610:INFO:load_model(model_name=final_model, platform=None, authentication=None, verbose=True)
2021-11-16 20:56:58,445:INFO:Initializing predict_model()
2021-11-16 20:56:58,445:INFO:predict_model(estimator=Pipeline(steps=[('dtypes',
                 DataTypes_Auto_infer(display_types=False,
                                      ml_usecase='regression',
                                      target='UNSUPERVISED_DUMMY_TARGET')),
                ('imputer',
                 Simple_Imputer(categorical_strategy='most frequent',
                                fill_value_categorical=None,
                                fill_value_numerical=None,
                                numeric_strategy='mean',
                                target_variable=None)),
                ('new_levels1',
                 New_Catagorical_Levels_in_TestData(replaceme...
                ('binn', 'passthrough'), ('rem_outliers', 'passthrough'),
                ('cluster_all', 'passthrough'),
                ('dummy', Dummify(target='UNSUPERVISED_DUMMY_TARGET')),
                ('fix_perfect', 'passthrough'),
                ('clean_names', Clean_Colum_Names()),
                ('feature_select', 'passthrough'), ('fix_multi', 'passthrough'),
                ('dfs', 'passthrough'), ('pca', 'passthrough'),
                ['trained_model',
                 KMeans(n_clusters=4, n_jobs=-1, random_state=7104)]]), probability_threshold=None, encoded_labels=True, raw_score=False, round=4, verbose=True, ml_usecase=MLUsecase.REGRESSION, display=None)
2021-11-16 20:56:58,445:INFO:Checking exceptions
2021-11-16 20:56:58,445:INFO:Preloading libraries
2021-11-16 20:57:20,775:INFO:Initializing load_model()
2021-11-16 20:57:20,775:INFO:load_model(model_name=final_model, platform=None, authentication=None, verbose=True)
2021-11-16 20:57:24,890:INFO:Initializing predict_model()
2021-11-16 20:57:24,890:INFO:predict_model(estimator=Pipeline(steps=[('dtypes',
                 DataTypes_Auto_infer(display_types=False,
                                      ml_usecase='regression',
                                      target='UNSUPERVISED_DUMMY_TARGET')),
                ('imputer',
                 Simple_Imputer(categorical_strategy='most frequent',
                                fill_value_categorical=None,
                                fill_value_numerical=None,
                                numeric_strategy='mean',
                                target_variable=None)),
                ('new_levels1',
                 New_Catagorical_Levels_in_TestData(replaceme...
                ('binn', 'passthrough'), ('rem_outliers', 'passthrough'),
                ('cluster_all', 'passthrough'),
                ('dummy', Dummify(target='UNSUPERVISED_DUMMY_TARGET')),
                ('fix_perfect', 'passthrough'),
                ('clean_names', Clean_Colum_Names()),
                ('feature_select', 'passthrough'), ('fix_multi', 'passthrough'),
                ('dfs', 'passthrough'), ('pca', 'passthrough'),
                ['trained_model',
                 KMeans(n_clusters=4, n_jobs=-1, random_state=7104)]]), probability_threshold=None, encoded_labels=True, raw_score=False, round=4, verbose=True, ml_usecase=MLUsecase.REGRESSION, display=None)
2021-11-16 20:57:24,890:INFO:Checking exceptions
2021-11-16 20:57:24,890:INFO:Preloading libraries
2021-11-16 20:57:42,607:INFO:Initializing load_model()
2021-11-16 20:57:42,607:INFO:load_model(model_name=final_model, platform=None, authentication=None, verbose=True)
2021-11-16 20:57:54,725:INFO:Initializing load_model()
2021-11-16 20:57:54,725:INFO:load_model(model_name=final_model, platform=None, authentication=None, verbose=True)
2021-11-16 20:58:00,780:INFO:Initializing predict_model()
2021-11-16 20:58:00,780:INFO:predict_model(estimator=Pipeline(steps=[('dtypes',
                 DataTypes_Auto_infer(display_types=False,
                                      ml_usecase='regression',
                                      target='UNSUPERVISED_DUMMY_TARGET')),
                ('imputer',
                 Simple_Imputer(categorical_strategy='most frequent',
                                fill_value_categorical=None,
                                fill_value_numerical=None,
                                numeric_strategy='mean',
                                target_variable=None)),
                ('new_levels1',
                 New_Catagorical_Levels_in_TestData(replaceme...
                ('binn', 'passthrough'), ('rem_outliers', 'passthrough'),
                ('cluster_all', 'passthrough'),
                ('dummy', Dummify(target='UNSUPERVISED_DUMMY_TARGET')),
                ('fix_perfect', 'passthrough'),
                ('clean_names', Clean_Colum_Names()),
                ('feature_select', 'passthrough'), ('fix_multi', 'passthrough'),
                ('dfs', 'passthrough'), ('pca', 'passthrough'),
                ['trained_model',
                 KMeans(n_clusters=4, n_jobs=-1, random_state=7104)]]), probability_threshold=None, encoded_labels=True, raw_score=False, round=4, verbose=True, ml_usecase=MLUsecase.REGRESSION, display=None)
2021-11-16 20:58:00,780:INFO:Checking exceptions
2021-11-16 20:58:00,780:INFO:Preloading libraries
2021-11-16 20:58:26,835:INFO:Initializing load_model()
2021-11-16 20:58:26,835:INFO:load_model(model_name=final_model, platform=None, authentication=None, verbose=True)
2021-11-16 20:58:31,365:INFO:Initializing predict_model()
2021-11-16 20:58:31,365:INFO:predict_model(estimator=Pipeline(steps=[('dtypes',
                 DataTypes_Auto_infer(display_types=False,
                                      ml_usecase='regression',
                                      target='UNSUPERVISED_DUMMY_TARGET')),
                ('imputer',
                 Simple_Imputer(categorical_strategy='most frequent',
                                fill_value_categorical=None,
                                fill_value_numerical=None,
                                numeric_strategy='mean',
                                target_variable=None)),
                ('new_levels1',
                 New_Catagorical_Levels_in_TestData(replaceme...
                ('binn', 'passthrough'), ('rem_outliers', 'passthrough'),
                ('cluster_all', 'passthrough'),
                ('dummy', Dummify(target='UNSUPERVISED_DUMMY_TARGET')),
                ('fix_perfect', 'passthrough'),
                ('clean_names', Clean_Colum_Names()),
                ('feature_select', 'passthrough'), ('fix_multi', 'passthrough'),
                ('dfs', 'passthrough'), ('pca', 'passthrough'),
                ['trained_model',
                 KMeans(n_clusters=4, n_jobs=-1, random_state=7104)]]), probability_threshold=None, encoded_labels=True, raw_score=False, round=4, verbose=True, ml_usecase=MLUsecase.REGRESSION, display=None)
2021-11-16 20:58:31,365:INFO:Checking exceptions
2021-11-16 20:58:31,365:INFO:Preloading libraries
2021-11-16 20:58:57,964:INFO:Initializing load_model()
2021-11-16 20:58:57,964:INFO:load_model(model_name=final_model, platform=None, authentication=None, verbose=True)
2021-11-16 20:59:01,654:INFO:Initializing predict_model()
2021-11-16 20:59:01,654:INFO:predict_model(estimator=Pipeline(steps=[('dtypes',
                 DataTypes_Auto_infer(display_types=False,
                                      ml_usecase='regression',
                                      target='UNSUPERVISED_DUMMY_TARGET')),
                ('imputer',
                 Simple_Imputer(categorical_strategy='most frequent',
                                fill_value_categorical=None,
                                fill_value_numerical=None,
                                numeric_strategy='mean',
                                target_variable=None)),
                ('new_levels1',
                 New_Catagorical_Levels_in_TestData(replaceme...
                ('binn', 'passthrough'), ('rem_outliers', 'passthrough'),
                ('cluster_all', 'passthrough'),
                ('dummy', Dummify(target='UNSUPERVISED_DUMMY_TARGET')),
                ('fix_perfect', 'passthrough'),
                ('clean_names', Clean_Colum_Names()),
                ('feature_select', 'passthrough'), ('fix_multi', 'passthrough'),
                ('dfs', 'passthrough'), ('pca', 'passthrough'),
                ['trained_model',
                 KMeans(n_clusters=4, n_jobs=-1, random_state=7104)]]), probability_threshold=None, encoded_labels=True, raw_score=False, round=4, verbose=True, ml_usecase=MLUsecase.REGRESSION, display=None)
2021-11-16 20:59:01,654:INFO:Checking exceptions
2021-11-16 20:59:01,654:INFO:Preloading libraries
2021-11-16 20:59:28,460:INFO:Initializing load_model()
2021-11-16 20:59:28,460:INFO:load_model(model_name=final_model, platform=None, authentication=None, verbose=True)
2021-11-16 20:59:31,867:INFO:Initializing predict_model()
2021-11-16 20:59:31,867:INFO:predict_model(estimator=Pipeline(steps=[('dtypes',
                 DataTypes_Auto_infer(display_types=False,
                                      ml_usecase='regression',
                                      target='UNSUPERVISED_DUMMY_TARGET')),
                ('imputer',
                 Simple_Imputer(categorical_strategy='most frequent',
                                fill_value_categorical=None,
                                fill_value_numerical=None,
                                numeric_strategy='mean',
                                target_variable=None)),
                ('new_levels1',
                 New_Catagorical_Levels_in_TestData(replaceme...
                ('binn', 'passthrough'), ('rem_outliers', 'passthrough'),
                ('cluster_all', 'passthrough'),
                ('dummy', Dummify(target='UNSUPERVISED_DUMMY_TARGET')),
                ('fix_perfect', 'passthrough'),
                ('clean_names', Clean_Colum_Names()),
                ('feature_select', 'passthrough'), ('fix_multi', 'passthrough'),
                ('dfs', 'passthrough'), ('pca', 'passthrough'),
                ['trained_model',
                 KMeans(n_clusters=4, n_jobs=-1, random_state=7104)]]), probability_threshold=None, encoded_labels=True, raw_score=False, round=4, verbose=True, ml_usecase=MLUsecase.REGRESSION, display=None)
2021-11-16 20:59:31,867:INFO:Checking exceptions
2021-11-16 20:59:31,867:INFO:Preloading libraries
